<?xml version="1.0" encoding="UTF-8"?>
<!-- Generated by org.testng.reporters.JUnitReportReporter -->
<testsuite hostname="DESKTOP-NBFTJGA" failures="0" tests="1" name="TestCase.TC001_adc" time="3.037" errors="0" timestamp="2024-11-01T11:56:07 IST" skipped="0">
  <testcase classname="TestCase.TC001_adc" name="ad_card" time="3.037"/>
</testsuite> <!-- TestCase.TC001_adc -->
